{"c:\\baps\\react_all\\next-cypress-cucumber-boilerplate\\src\\pages\\index.tsx": {"path":"c:\\baps\\react_all\\next-cypress-cucumber-boilerplate\\src\\pages\\index.tsx","statementMap":{"0":{"start":{"line":4,"column":2},"end":{"line":4,"column":17}}},"fnMap":{"0":{"name":"Index","decl":{"start":{"line":3,"column":24},"end":{"line":3,"column":29}},"loc":{"start":{"line":3,"column":32},"end":{"line":5,"column":1}},"line":3}},"branchMap":{},"s":{"0":1},"f":{"0":1},"b":{},"_coverageSchema":"1a1c01bbd47fc00a2c39e90264f33305004495a9","hash":"1866dbdec279c0f9f05dda15386affa63f9d8555"}
,"c:/baps/react_all/next-cypress-cucumber-boilerplate/src/types/index.ts": {"path":"c:/baps/react_all/next-cypress-cucumber-boilerplate/src/types/index.ts","statementMap":{},"fnMap":{},"branchMap":{},"s":{},"f":{},"b":{}}
}
